<?xml version="1.0" encoding="UTF-8"?>
<testsuite xmlns:xsi="http://www.w3.org/2001/XMLSchema-instance" xsi:noNamespaceSchemaLocation="https://maven.apache.org/surefire/maven-surefire-plugin/xsd/surefire-test-report-3.0.xsd" version="3.0" name="TestSuite" time="216.761" tests="24" errors="0" skipped="0" failures="0">
  <properties>
    <property name="java.specification.version" value="17"/>
    <property name="sun.cpu.isalist" value="amd64"/>
    <property name="sun.jnu.encoding" value="Cp1252"/>
    <property name="java.class.path" value="C:\Users\2319934\eclipse-workspace\HackathonV5\target\test-classes;C:\Users\2319934\eclipse-workspace\HackathonV5\target\classes;C:\Users\2319934\.m2\repository\org\testng\testng\7.4.0\testng-7.4.0.jar;C:\Users\2319934\.m2\repository\com\beust\jcommander\1.78\jcommander-1.78.jar;C:\Users\2319934\.m2\repository\org\webjars\jquery\3.5.1\jquery-3.5.1.jar;C:\Users\2319934\.m2\repository\org\seleniumhq\selenium\selenium-java\4.19.1\selenium-java-4.19.1.jar;C:\Users\2319934\.m2\repository\org\seleniumhq\selenium\selenium-api\4.19.1\selenium-api-4.19.1.jar;C:\Users\2319934\.m2\repository\org\seleniumhq\selenium\selenium-chrome-driver\4.19.1\selenium-chrome-driver-4.19.1.jar;C:\Users\2319934\.m2\repository\com\google\auto\service\auto-service-annotations\1.1.1\auto-service-annotations-1.1.1.jar;C:\Users\2319934\.m2\repository\org\seleniumhq\selenium\selenium-chromium-driver\4.19.1\selenium-chromium-driver-4.19.1.jar;C:\Users\2319934\.m2\repository\org\seleniumhq\selenium\selenium-json\4.19.1\selenium-json-4.19.1.jar;C:\Users\2319934\.m2\repository\org\seleniumhq\selenium\selenium-manager\4.19.1\selenium-manager-4.19.1.jar;C:\Users\2319934\.m2\repository\org\seleniumhq\selenium\selenium-devtools-v121\4.19.1\selenium-devtools-v121-4.19.1.jar;C:\Users\2319934\.m2\repository\org\seleniumhq\selenium\selenium-devtools-v122\4.19.1\selenium-devtools-v122-4.19.1.jar;C:\Users\2319934\.m2\repository\org\seleniumhq\selenium\selenium-devtools-v123\4.19.1\selenium-devtools-v123-4.19.1.jar;C:\Users\2319934\.m2\repository\org\seleniumhq\selenium\selenium-devtools-v85\4.19.1\selenium-devtools-v85-4.19.1.jar;C:\Users\2319934\.m2\repository\org\seleniumhq\selenium\selenium-edge-driver\4.19.1\selenium-edge-driver-4.19.1.jar;C:\Users\2319934\.m2\repository\org\seleniumhq\selenium\selenium-firefox-driver\4.19.1\selenium-firefox-driver-4.19.1.jar;C:\Users\2319934\.m2\repository\org\seleniumhq\selenium\selenium-http\4.19.1\selenium-http-4.19.1.jar;C:\Users\2319934\.m2\repository\dev\failsafe\failsafe\3.3.2\failsafe-3.3.2.jar;C:\Users\2319934\.m2\repository\org\seleniumhq\selenium\selenium-ie-driver\4.19.1\selenium-ie-driver-4.19.1.jar;C:\Users\2319934\.m2\repository\org\seleniumhq\selenium\selenium-remote-driver\4.19.1\selenium-remote-driver-4.19.1.jar;C:\Users\2319934\.m2\repository\com\google\guava\guava\33.1.0-jre\guava-33.1.0-jre.jar;C:\Users\2319934\.m2\repository\com\google\guava\failureaccess\1.0.2\failureaccess-1.0.2.jar;C:\Users\2319934\.m2\repository\com\google\guava\listenablefuture\9999.0-empty-to-avoid-conflict-with-guava\listenablefuture-9999.0-empty-to-avoid-conflict-with-guava.jar;C:\Users\2319934\.m2\repository\com\google\code\findbugs\jsr305\3.0.2\jsr305-3.0.2.jar;C:\Users\2319934\.m2\repository\org\checkerframework\checker-qual\3.42.0\checker-qual-3.42.0.jar;C:\Users\2319934\.m2\repository\com\google\errorprone\error_prone_annotations\2.26.1\error_prone_annotations-2.26.1.jar;C:\Users\2319934\.m2\repository\com\google\j2objc\j2objc-annotations\3.0.0\j2objc-annotations-3.0.0.jar;C:\Users\2319934\.m2\repository\io\opentelemetry\semconv\opentelemetry-semconv\1.23.1-alpha\opentelemetry-semconv-1.23.1-alpha.jar;C:\Users\2319934\.m2\repository\io\opentelemetry\opentelemetry-api\1.36.0\opentelemetry-api-1.36.0.jar;C:\Users\2319934\.m2\repository\io\opentelemetry\opentelemetry-context\1.36.0\opentelemetry-context-1.36.0.jar;C:\Users\2319934\.m2\repository\io\opentelemetry\opentelemetry-exporter-logging\1.36.0\opentelemetry-exporter-logging-1.36.0.jar;C:\Users\2319934\.m2\repository\io\opentelemetry\opentelemetry-sdk-common\1.36.0\opentelemetry-sdk-common-1.36.0.jar;C:\Users\2319934\.m2\repository\io\opentelemetry\opentelemetry-sdk-extension-autoconfigure-spi\1.36.0\opentelemetry-sdk-extension-autoconfigure-spi-1.36.0.jar;C:\Users\2319934\.m2\repository\io\opentelemetry\opentelemetry-sdk-extension-autoconfigure\1.36.0\opentelemetry-sdk-extension-autoconfigure-1.36.0.jar;C:\Users\2319934\.m2\repository\io\opentelemetry\opentelemetry-api-events\1.36.0-alpha\opentelemetry-api-events-1.36.0-alpha.jar;C:\Users\2319934\.m2\repository\io\opentelemetry\opentelemetry-sdk-trace\1.36.0\opentelemetry-sdk-trace-1.36.0.jar;C:\Users\2319934\.m2\repository\io\opentelemetry\opentelemetry-extension-incubator\1.36.0-alpha\opentelemetry-extension-incubator-1.36.0-alpha.jar;C:\Users\2319934\.m2\repository\io\opentelemetry\opentelemetry-sdk\1.36.0\opentelemetry-sdk-1.36.0.jar;C:\Users\2319934\.m2\repository\io\opentelemetry\opentelemetry-sdk-metrics\1.36.0\opentelemetry-sdk-metrics-1.36.0.jar;C:\Users\2319934\.m2\repository\io\opentelemetry\opentelemetry-sdk-logs\1.36.0\opentelemetry-sdk-logs-1.36.0.jar;C:\Users\2319934\.m2\repository\net\bytebuddy\byte-buddy\1.14.12\byte-buddy-1.14.12.jar;C:\Users\2319934\.m2\repository\org\seleniumhq\selenium\selenium-os\4.19.1\selenium-os-4.19.1.jar;C:\Users\2319934\.m2\repository\org\apache\commons\commons-exec\1.3\commons-exec-1.3.jar;C:\Users\2319934\.m2\repository\org\seleniumhq\selenium\selenium-safari-driver\4.19.1\selenium-safari-driver-4.19.1.jar;C:\Users\2319934\.m2\repository\org\seleniumhq\selenium\selenium-support\4.19.1\selenium-support-4.19.1.jar;C:\Users\2319934\.m2\repository\org\apache\poi\poi\5.2.5\poi-5.2.5.jar;C:\Users\2319934\.m2\repository\commons-codec\commons-codec\1.16.0\commons-codec-1.16.0.jar;C:\Users\2319934\.m2\repository\org\apache\commons\commons-collections4\4.4\commons-collections4-4.4.jar;C:\Users\2319934\.m2\repository\org\apache\commons\commons-math3\3.6.1\commons-math3-3.6.1.jar;C:\Users\2319934\.m2\repository\commons-io\commons-io\2.15.0\commons-io-2.15.0.jar;C:\Users\2319934\.m2\repository\com\zaxxer\SparseBitSet\1.3\SparseBitSet-1.3.jar;C:\Users\2319934\.m2\repository\org\apache\logging\log4j\log4j-api\2.21.1\log4j-api-2.21.1.jar;C:\Users\2319934\.m2\repository\org\apache\poi\poi-ooxml\5.2.5\poi-ooxml-5.2.5.jar;C:\Users\2319934\.m2\repository\org\apache\poi\poi-ooxml-lite\5.2.5\poi-ooxml-lite-5.2.5.jar;C:\Users\2319934\.m2\repository\org\apache\xmlbeans\xmlbeans\5.2.0\xmlbeans-5.2.0.jar;C:\Users\2319934\.m2\repository\org\apache\commons\commons-compress\1.25.0\commons-compress-1.25.0.jar;C:\Users\2319934\.m2\repository\com\github\virtuald\curvesapi\1.08\curvesapi-1.08.jar;C:\Users\2319934\.m2\repository\com\relevantcodes\extentreports\2.40.2\extentreports-2.40.2.jar;C:\Users\2319934\.m2\repository\org\jsoup\jsoup\1.8.3\jsoup-1.8.3.jar;C:\Users\2319934\.m2\repository\org\xerial\sqlite-jdbc\3.8.11.1\sqlite-jdbc-3.8.11.1.jar;C:\Users\2319934\.m2\repository\org\freemarker\freemarker\2.3.23\freemarker-2.3.23.jar;"/>
    <property name="java.vm.vendor" value="Eclipse Adoptium"/>
    <property name="sun.arch.data.model" value="64"/>
    <property name="user.variant" value=""/>
    <property name="java.vendor.url" value="https://adoptium.net/"/>
    <property name="user.timezone" value="Asia/Calcutta"/>
    <property name="os.name" value="Windows 11"/>
    <property name="java.vm.specification.version" value="17"/>
    <property name="sun.java.launcher" value="SUN_STANDARD"/>
    <property name="user.country" value="US"/>
    <property name="sun.boot.library.path" value="C:\Users\2319934\.p2\pool\plugins\org.eclipse.justj.openjdk.hotspot.jre.full.win32.x86_64_17.0.9.v20231028-0858\jre\bin"/>
    <property name="sun.java.command" value="C:\Users\2319934\AppData\Local\Temp\surefire13272171528564524530\surefirebooter-20240404173247570_3.jar C:\Users\2319934\AppData\Local\Temp\surefire13272171528564524530 2024-04-04T17-32-46_018-jvmRun1 surefire-20240404173247570_1tmp surefire_0-20240404173247570_2tmp"/>
    <property name="jdk.debug" value="release"/>
    <property name="surefire.test.class.path" value="C:\Users\2319934\eclipse-workspace\HackathonV5\target\test-classes;C:\Users\2319934\eclipse-workspace\HackathonV5\target\classes;C:\Users\2319934\.m2\repository\org\testng\testng\7.4.0\testng-7.4.0.jar;C:\Users\2319934\.m2\repository\com\beust\jcommander\1.78\jcommander-1.78.jar;C:\Users\2319934\.m2\repository\org\webjars\jquery\3.5.1\jquery-3.5.1.jar;C:\Users\2319934\.m2\repository\org\seleniumhq\selenium\selenium-java\4.19.1\selenium-java-4.19.1.jar;C:\Users\2319934\.m2\repository\org\seleniumhq\selenium\selenium-api\4.19.1\selenium-api-4.19.1.jar;C:\Users\2319934\.m2\repository\org\seleniumhq\selenium\selenium-chrome-driver\4.19.1\selenium-chrome-driver-4.19.1.jar;C:\Users\2319934\.m2\repository\com\google\auto\service\auto-service-annotations\1.1.1\auto-service-annotations-1.1.1.jar;C:\Users\2319934\.m2\repository\org\seleniumhq\selenium\selenium-chromium-driver\4.19.1\selenium-chromium-driver-4.19.1.jar;C:\Users\2319934\.m2\repository\org\seleniumhq\selenium\selenium-json\4.19.1\selenium-json-4.19.1.jar;C:\Users\2319934\.m2\repository\org\seleniumhq\selenium\selenium-manager\4.19.1\selenium-manager-4.19.1.jar;C:\Users\2319934\.m2\repository\org\seleniumhq\selenium\selenium-devtools-v121\4.19.1\selenium-devtools-v121-4.19.1.jar;C:\Users\2319934\.m2\repository\org\seleniumhq\selenium\selenium-devtools-v122\4.19.1\selenium-devtools-v122-4.19.1.jar;C:\Users\2319934\.m2\repository\org\seleniumhq\selenium\selenium-devtools-v123\4.19.1\selenium-devtools-v123-4.19.1.jar;C:\Users\2319934\.m2\repository\org\seleniumhq\selenium\selenium-devtools-v85\4.19.1\selenium-devtools-v85-4.19.1.jar;C:\Users\2319934\.m2\repository\org\seleniumhq\selenium\selenium-edge-driver\4.19.1\selenium-edge-driver-4.19.1.jar;C:\Users\2319934\.m2\repository\org\seleniumhq\selenium\selenium-firefox-driver\4.19.1\selenium-firefox-driver-4.19.1.jar;C:\Users\2319934\.m2\repository\org\seleniumhq\selenium\selenium-http\4.19.1\selenium-http-4.19.1.jar;C:\Users\2319934\.m2\repository\dev\failsafe\failsafe\3.3.2\failsafe-3.3.2.jar;C:\Users\2319934\.m2\repository\org\seleniumhq\selenium\selenium-ie-driver\4.19.1\selenium-ie-driver-4.19.1.jar;C:\Users\2319934\.m2\repository\org\seleniumhq\selenium\selenium-remote-driver\4.19.1\selenium-remote-driver-4.19.1.jar;C:\Users\2319934\.m2\repository\com\google\guava\guava\33.1.0-jre\guava-33.1.0-jre.jar;C:\Users\2319934\.m2\repository\com\google\guava\failureaccess\1.0.2\failureaccess-1.0.2.jar;C:\Users\2319934\.m2\repository\com\google\guava\listenablefuture\9999.0-empty-to-avoid-conflict-with-guava\listenablefuture-9999.0-empty-to-avoid-conflict-with-guava.jar;C:\Users\2319934\.m2\repository\com\google\code\findbugs\jsr305\3.0.2\jsr305-3.0.2.jar;C:\Users\2319934\.m2\repository\org\checkerframework\checker-qual\3.42.0\checker-qual-3.42.0.jar;C:\Users\2319934\.m2\repository\com\google\errorprone\error_prone_annotations\2.26.1\error_prone_annotations-2.26.1.jar;C:\Users\2319934\.m2\repository\com\google\j2objc\j2objc-annotations\3.0.0\j2objc-annotations-3.0.0.jar;C:\Users\2319934\.m2\repository\io\opentelemetry\semconv\opentelemetry-semconv\1.23.1-alpha\opentelemetry-semconv-1.23.1-alpha.jar;C:\Users\2319934\.m2\repository\io\opentelemetry\opentelemetry-api\1.36.0\opentelemetry-api-1.36.0.jar;C:\Users\2319934\.m2\repository\io\opentelemetry\opentelemetry-context\1.36.0\opentelemetry-context-1.36.0.jar;C:\Users\2319934\.m2\repository\io\opentelemetry\opentelemetry-exporter-logging\1.36.0\opentelemetry-exporter-logging-1.36.0.jar;C:\Users\2319934\.m2\repository\io\opentelemetry\opentelemetry-sdk-common\1.36.0\opentelemetry-sdk-common-1.36.0.jar;C:\Users\2319934\.m2\repository\io\opentelemetry\opentelemetry-sdk-extension-autoconfigure-spi\1.36.0\opentelemetry-sdk-extension-autoconfigure-spi-1.36.0.jar;C:\Users\2319934\.m2\repository\io\opentelemetry\opentelemetry-sdk-extension-autoconfigure\1.36.0\opentelemetry-sdk-extension-autoconfigure-1.36.0.jar;C:\Users\2319934\.m2\repository\io\opentelemetry\opentelemetry-api-events\1.36.0-alpha\opentelemetry-api-events-1.36.0-alpha.jar;C:\Users\2319934\.m2\repository\io\opentelemetry\opentelemetry-sdk-trace\1.36.0\opentelemetry-sdk-trace-1.36.0.jar;C:\Users\2319934\.m2\repository\io\opentelemetry\opentelemetry-extension-incubator\1.36.0-alpha\opentelemetry-extension-incubator-1.36.0-alpha.jar;C:\Users\2319934\.m2\repository\io\opentelemetry\opentelemetry-sdk\1.36.0\opentelemetry-sdk-1.36.0.jar;C:\Users\2319934\.m2\repository\io\opentelemetry\opentelemetry-sdk-metrics\1.36.0\opentelemetry-sdk-metrics-1.36.0.jar;C:\Users\2319934\.m2\repository\io\opentelemetry\opentelemetry-sdk-logs\1.36.0\opentelemetry-sdk-logs-1.36.0.jar;C:\Users\2319934\.m2\repository\net\bytebuddy\byte-buddy\1.14.12\byte-buddy-1.14.12.jar;C:\Users\2319934\.m2\repository\org\seleniumhq\selenium\selenium-os\4.19.1\selenium-os-4.19.1.jar;C:\Users\2319934\.m2\repository\org\apache\commons\commons-exec\1.3\commons-exec-1.3.jar;C:\Users\2319934\.m2\repository\org\seleniumhq\selenium\selenium-safari-driver\4.19.1\selenium-safari-driver-4.19.1.jar;C:\Users\2319934\.m2\repository\org\seleniumhq\selenium\selenium-support\4.19.1\selenium-support-4.19.1.jar;C:\Users\2319934\.m2\repository\org\apache\poi\poi\5.2.5\poi-5.2.5.jar;C:\Users\2319934\.m2\repository\commons-codec\commons-codec\1.16.0\commons-codec-1.16.0.jar;C:\Users\2319934\.m2\repository\org\apache\commons\commons-collections4\4.4\commons-collections4-4.4.jar;C:\Users\2319934\.m2\repository\org\apache\commons\commons-math3\3.6.1\commons-math3-3.6.1.jar;C:\Users\2319934\.m2\repository\commons-io\commons-io\2.15.0\commons-io-2.15.0.jar;C:\Users\2319934\.m2\repository\com\zaxxer\SparseBitSet\1.3\SparseBitSet-1.3.jar;C:\Users\2319934\.m2\repository\org\apache\logging\log4j\log4j-api\2.21.1\log4j-api-2.21.1.jar;C:\Users\2319934\.m2\repository\org\apache\poi\poi-ooxml\5.2.5\poi-ooxml-5.2.5.jar;C:\Users\2319934\.m2\repository\org\apache\poi\poi-ooxml-lite\5.2.5\poi-ooxml-lite-5.2.5.jar;C:\Users\2319934\.m2\repository\org\apache\xmlbeans\xmlbeans\5.2.0\xmlbeans-5.2.0.jar;C:\Users\2319934\.m2\repository\org\apache\commons\commons-compress\1.25.0\commons-compress-1.25.0.jar;C:\Users\2319934\.m2\repository\com\github\virtuald\curvesapi\1.08\curvesapi-1.08.jar;C:\Users\2319934\.m2\repository\com\relevantcodes\extentreports\2.40.2\extentreports-2.40.2.jar;C:\Users\2319934\.m2\repository\org\jsoup\jsoup\1.8.3\jsoup-1.8.3.jar;C:\Users\2319934\.m2\repository\org\xerial\sqlite-jdbc\3.8.11.1\sqlite-jdbc-3.8.11.1.jar;C:\Users\2319934\.m2\repository\org\freemarker\freemarker\2.3.23\freemarker-2.3.23.jar;"/>
    <property name="sun.cpu.endian" value="little"/>
    <property name="user.home" value="C:\Users\2319934"/>
    <property name="user.language" value="en"/>
    <property name="java.specification.vendor" value="Oracle Corporation"/>
    <property name="java.version.date" value="2023-10-17"/>
    <property name="java.home" value="C:\Users\2319934\.p2\pool\plugins\org.eclipse.justj.openjdk.hotspot.jre.full.win32.x86_64_17.0.9.v20231028-0858\jre"/>
    <property name="file.separator" value="\"/>
    <property name="style.color" value="always"/>
    <property name="basedir" value="C:\Users\2319934\eclipse-workspace\HackathonV5"/>
    <property name="java.vm.compressedOopsMode" value="Zero based"/>
    <property name="line.separator" value="&#10;"/>
    <property name="java.vm.specification.vendor" value="Oracle Corporation"/>
    <property name="java.specification.name" value="Java Platform API Specification"/>
    <property name="surefire.real.class.path" value="C:\Users\2319934\AppData\Local\Temp\surefire13272171528564524530\surefirebooter-20240404173247570_3.jar"/>
    <property name="user.script" value=""/>
    <property name="sun.management.compiler" value="HotSpot 64-Bit Tiered Compilers"/>
    <property name="java.runtime.version" value="17.0.9+9"/>
    <property name="user.name" value="2319934"/>
    <property name="path.separator" value=";"/>
    <property name="os.version" value="10.0"/>
    <property name="java.runtime.name" value="OpenJDK Runtime Environment"/>
    <property name="file.encoding" value="Cp1252"/>
    <property name="java.vm.name" value="OpenJDK 64-Bit Server VM"/>
    <property name="java.vendor.version" value="Temurin-17.0.9+9"/>
    <property name="localRepository" value="C:\Users\2319934\.m2\repository"/>
    <property name="java.vendor.url.bug" value="https://github.com/adoptium/adoptium-support/issues"/>
    <property name="java.io.tmpdir" value="C:\Users\2319934\AppData\Local\Temp\"/>
    <property name="java.version" value="17.0.9"/>
    <property name="user.dir" value="C:\Users\2319934\eclipse-workspace\HackathonV5"/>
    <property name="os.arch" value="amd64"/>
    <property name="java.vm.specification.name" value="Java Virtual Machine Specification"/>
    <property name="sun.os.patch.level" value=""/>
    <property name="native.encoding" value="Cp1252"/>
    <property name="java.library.path" value="C:\Users\2319934\.p2\pool\plugins\org.eclipse.justj.openjdk.hotspot.jre.full.win32.x86_64_17.0.9.v20231028-0858\jre\bin;C:\Windows\Sun\Java\bin;C:\Windows\system32;C:\Windows;C:/Users/2319934/.p2/pool/plugins/org.eclipse.justj.openjdk.hotspot.jre.full.win32.x86_64_17.0.9.v20231028-0858/jre/bin/server;C:/Users/2319934/.p2/pool/plugins/org.eclipse.justj.openjdk.hotspot.jre.full.win32.x86_64_17.0.9.v20231028-0858/jre/bin;C:\Program Files\Zulu\zulu-17\bin\;C:\Windows\system32;C:\Windows;C:\Windows\System32\Wbem;C:\Windows\System32\WindowsPowerShell\v1.0\;C:\Windows\System32\OpenSSH\;C:\Program Files\Git\cmd;C:\Maven\apache-maven-3.9.3\bin;C:\Users\2319934\AppData\Local\Microsoft\WindowsApps;;C:\Program Files\JetBrains\IntelliJ IDEA Community Edition 2023.3.2\bin;;C:\Users\2319934\OneDrive - Cognizant\Desktop;;."/>
    <property name="java.vm.info" value="mixed mode"/>
    <property name="java.vendor" value="Eclipse Adoptium"/>
    <property name="java.vm.version" value="17.0.9+9"/>
    <property name="sun.io.unicode.encoding" value="UnicodeLittle"/>
    <property name="java.class.version" value="61.0"/>
  </properties>
  <testcase name="checkUrl" classname="TestCases.TC_01" time="0.073">
    <system-out><![CDATA[
Running test : checkUrl
]]></system-out>
  </testcase>
  <testcase name="checkUrl" classname="TestCases.TC_01" time="2.701">
    <system-out><![CDATA[Result : PASSED
Test Passed

Running test : checkUrl
]]></system-out>
  </testcase>
  <testcase name="search" classname="TestCases.TC_01" time="10.25">
    <system-out><![CDATA[Result : PASSED

Running test : search
]]></system-out>
  </testcase>
  <testcase name="search" classname="TestCases.TC_01" time="8.861">
    <system-out><![CDATA[Result : PASSED

Running test : search
]]></system-out>
  </testcase>
  <testcase name="clickBeginner" classname="TestCases.TC_01" time="3.405">
    <system-out><![CDATA[Result : PASSED

Running test : clickBeginner
]]></system-out>
  </testcase>
  <testcase name="clickBeginner" classname="TestCases.TC_01" time="3.646">
    <system-out><![CDATA[Result : PASSED

Running test : clickBeginner
]]></system-out>
  </testcase>
  <testcase name="clickEnglish" classname="TestCases.TC_01" time="2.872">
    <system-out><![CDATA[Result : PASSED

Running test : clickEnglish
]]></system-out>
  </testcase>
  <testcase name="clickEnglish" classname="TestCases.TC_01" time="2.723">
    <system-out><![CDATA[Result : PASSED

Running test : clickEnglish
]]></system-out>
  </testcase>
  <testcase name="ExtractCouseName" classname="TestCases.TC_01" time="0.238">
    <system-out><![CDATA[Result : PASSED

Running test : ExtractCouseName
courses : 
Meta Front-End Developer
Web Design for Everybody: Basics of Web Development & Coding
]]></system-out>
  </testcase>
  <testcase name="ExtractCouseName" classname="TestCases.TC_01" time="0.223">
    <system-out><![CDATA[Result : PASSED

Running test : ExtractCouseName
courses : 
Meta Front-End Developer
Web Design for Everybody: Basics of Web Development & Coding
]]></system-out>
  </testcase>
  <testcase name="checkRatings" classname="TestCases.TC_01" time="4.205">
    <system-out><![CDATA[Result : PASSED

Running test : checkRatings
Rating : 
4.7
4.7
]]></system-out>
  </testcase>
  <testcase name="checkRatings" classname="TestCases.TC_01" time="4.317">
    <system-out><![CDATA[Result : PASSED

Running test : checkRatings
Rating : 
4.7
4.7
]]></system-out>
  </testcase>
  <testcase name="checkCountHours" classname="TestCases.TC_01" time="18.836">
    <system-out><![CDATA[Result : PASSED

Running test : checkCountHours
Hours : 
7 months at 6 hours a week
2 months at 10 hours a week
]]></system-out>
  </testcase>
  <testcase name="checkCountHours" classname="TestCases.TC_01" time="16.745">
    <system-out><![CDATA[Result : PASSED

Running test : checkCountHours
Hours : 
7 months at 6 hours a week
2 months at 10 hours a week
]]></system-out>
  </testcase>
  <testcase name="checkTotalLanguages" classname="TestCases.TC_02" time="1.94">
    <system-out><![CDATA[Result : PASSED

Running test : checkTotalLanguages
Languages and their count : 
English (469)
Spanish (288)
Arabic (273)
French (249)
Portuguese (Brazil) (240)
Japanese (236)
Turkish (236)
Indonesian (235)
Ukrainian (235)
Chinese (China) (234)
Korean (234)
Dutch (233)
German (233)
Greek (233)
Hindi (233)
Italian (233)
Polish (233)
Swedish (233)
Thai (233)
Russian (209)
Kazakh (204)
Hungarian (161)
]]></system-out>
  </testcase>
  <testcase name="checkTotalLanguages" classname="TestCases.TC_02" time="1.657">
    <system-out><![CDATA[Result : PASSED

Running test : checkTotalLanguages
Languages and their count : 
English (469)
Spanish (288)
Arabic (273)
French (249)
Portuguese (Brazil) (240)
Japanese (236)
Turkish (236)
Indonesian (235)
Ukrainian (235)
Chinese (China) (234)
Korean (234)
Dutch (233)
German (233)
Greek (233)
Hindi (233)
Italian (233)
Polish (233)
Swedish (233)
Thai (233)
Russian (209)
Kazakh (204)
Hungarian (161)
]]></system-out>
  </testcase>
  <testcase name="checkForLevels" classname="TestCases.TC_02" time="0.183">
    <system-out><![CDATA[Result : PASSED

Running test : checkForLevels
Levels and their count : 
Beginner (469)
Intermediate (428)
Advanced (32)
Mixed (77)
]]></system-out>
  </testcase>
  <testcase name="checkForLevels" classname="TestCases.TC_02" time="0.161">
    <system-out><![CDATA[Result : PASSED

Running test : checkForLevels
Levels and their count : 
Beginner (469)
Intermediate (428)
Advanced (32)
Mixed (77)
]]></system-out>
  </testcase>
  <testcase name="clickForCampus" classname="TestCases.TC_03" time="12.054">
    <system-out><![CDATA[Result : PASSED

Running test : clickForCampus
]]></system-out>
  </testcase>
  <testcase name="clickForCampus" classname="TestCases.TC_03" time="11.527">
    <system-out><![CDATA[Result : PASSED

Running test : clickForCampus
]]></system-out>
  </testcase>
  <testcase name="enterFormValues[Barry, allen, barryallen, 9.87654321E8, CTS1](1)" classname="TestCases.TC_03" time="8.784">
    <system-out><![CDATA[Result : PASSED

Running test : enterFormValues
]]></system-out>
    <system-err><![CDATA[ERROR StatusLogger Log4j2 could not find a logging implementation. Please add log4j-core to the classpath. Using SimpleLogger to log to the console...
]]></system-err>
  </testcase>
  <testcase name="enterFormValues[Barry, allen, barryallen, 9.87654321E8, CTS1](1)" classname="TestCases.TC_03" time="5.094">
    <system-out><![CDATA[Result : PASSED

Running test : enterFormValues
]]></system-out>
  </testcase>
  <testcase name="captureErrorMessage" classname="TestCases.TC_03" time="1.158">
    <system-out><![CDATA[Result : PASSED

Running test : captureErrorMessage
Error message : Must be valid email.
example@yourdomain.com
Screenshot taken
]]></system-out>
  </testcase>
  <testcase name="captureErrorMessage" classname="TestCases.TC_03" time="0.29">
    <system-out><![CDATA[Result : PASSED

Running test : captureErrorMessage
Error message : Must be valid email.
example@yourdomain.com
Screenshot taken
]]></system-out>
  </testcase>
</testsuite>