<?xml version="1.0" encoding="UTF-8"?>
<!-- Generated by org.testng.reporters.JUnitReportReporter -->
<testsuite hostname="LTIN271746" failures="0" tests="4" name="TestCases.TC_02" time="4.891" errors="0" timestamp="2024-04-04T15:52:32 IST" skipped="0">
  <testcase classname="TestCases.TC_02" name="checkTotalLanguages" time="1.978"/>
  <system-out/>
  <testcase classname="TestCases.TC_02" name="checkTotalLanguages" time="2.141"/>
  <system-out/>
  <testcase classname="TestCases.TC_02" name="checkForLevels" time="0.592"/>
  <system-out/>
  <testcase classname="TestCases.TC_02" name="checkForLevels" time="0.180"/>
  <system-out/>
</testsuite> <!-- TestCases.TC_02 -->
