<?xml version="1.0" encoding="UTF-8"?>
<!-- Generated by org.testng.reporters.JUnitReportReporter -->
<testsuite hostname="LTIN271746" failures="0" tests="14" name="TestCases.TC_01" time="193.382" errors="0" timestamp="2024-04-04T15:52:32 IST" skipped="0">
  <testcase classname="TestCases.TC_01" name="checkUrl" time="0.030"/>
  <system-out/>
  <testcase classname="TestCases.TC_01" name="checkUrl" time="1.999"/>
  <system-out/>
  <testcase classname="TestCases.TC_01" name="search" time="9.912"/>
  <system-out/>
  <testcase classname="TestCases.TC_01" name="search" time="85.694"/>
  <system-out/>
  <testcase classname="TestCases.TC_01" name="clickBeginner" time="3.841"/>
  <system-out/>
  <testcase classname="TestCases.TC_01" name="clickBeginner" time="3.815"/>
  <system-out/>
  <testcase classname="TestCases.TC_01" name="clickEnglish" time="2.865"/>
  <system-out/>
  <testcase classname="TestCases.TC_01" name="clickEnglish" time="2.925"/>
  <system-out/>
  <testcase classname="TestCases.TC_01" name="ExtractCouseName" time="0.284"/>
  <system-out/>
  <testcase classname="TestCases.TC_01" name="ExtractCouseName" time="0.724"/>
  <system-out/>
  <testcase classname="TestCases.TC_01" name="checkRatings" time="4.148"/>
  <system-out/>
  <testcase classname="TestCases.TC_01" name="checkRatings" time="4.180"/>
  <system-out/>
  <testcase classname="TestCases.TC_01" name="checkCountHours" time="35.724"/>
  <system-out/>
  <testcase classname="TestCases.TC_01" name="checkCountHours" time="37.241"/>
  <system-out/>
</testsuite> <!-- TestCases.TC_01 -->
