<?xml version="1.0" encoding="UTF-8"?>
<!-- Generated by org.testng.reporters.JUnitReportReporter -->
<testsuite hostname="LTIN271746" failures="0" tests="2" name="TestCases.TestCase2" time="1.961" errors="0" timestamp="2024-04-04T09:49:28 IST" skipped="0">
  <testcase classname="TestCases.TestCase2" name="checkTotalLanguages" time="1.687"/>
  <system-out/>
  <testcase classname="TestCases.TestCase2" name="checkForLevels" time="0.274"/>
  <system-out/>
</testsuite> <!-- TestCases.TestCase2 -->
