<?xml version="1.0" encoding="UTF-8"?>
<!-- Generated by org.testng.reporters.JUnitReportReporter -->
<testsuite hostname="LTIN271746" failures="0" tests="6" name="TestCases.TC_03" time="53.895" errors="0" timestamp="2024-04-04T15:52:31 IST" skipped="0">
  <testcase classname="TestCases.TC_03" name="clickForCampus" time="27.051"/>
  <system-out/>
  <testcase classname="TestCases.TC_03" name="clickForCampus" time="10.921"/>
  <system-out/>
  <testcase classname="TestCases.TC_03" name="enterFormValues" time="6.780"/>
  <system-out/>
  <testcase classname="TestCases.TC_03" name="enterFormValues" time="8.156"/>
  <system-out/>
  <testcase classname="TestCases.TC_03" name="captureErrorMessage" time="0.462"/>
  <system-out/>
  <testcase classname="TestCases.TC_03" name="captureErrorMessage" time="0.525"/>
  <system-out/>
</testsuite> <!-- TestCases.TC_03 -->
