<?xml version="1.0" encoding="UTF-8"?>
<!-- Generated by org.testng.reporters.JUnitReportReporter -->
<testsuite hostname="LTIN271746" failures="0" tests="3" name="TestCases.TestCase3" time="19.717" errors="0" timestamp="2024-04-04T09:49:28 IST" skipped="0">
  <testcase classname="TestCases.TestCase3" name="clickForCampus" time="11.974"/>
  <system-out/>
  <testcase classname="TestCases.TestCase3" name="enterFormValues" time="7.163"/>
  <system-out/>
  <testcase classname="TestCases.TestCase3" name="captureErrorMessage" time="0.580"/>
  <system-out/>
</testsuite> <!-- TestCases.TestCase3 -->
