<?xml version="1.0" encoding="UTF-8"?>
<!-- Generated by org.testng.reporters.JUnitReportReporter -->
<testsuite hostname="LTIN271746" failures="0" tests="7" name="TestCases.TestCase1" time="40.933" errors="0" timestamp="2024-04-04T09:49:28 IST" skipped="0">
  <testcase classname="TestCases.TestCase1" name="checkUrl" time="0.179"/>
  <system-out/>
  <testcase classname="TestCases.TestCase1" name="search" time="10.954"/>
  <system-out/>
  <testcase classname="TestCases.TestCase1" name="clickBeginner" time="3.129"/>
  <system-out/>
  <testcase classname="TestCases.TestCase1" name="clickEnglish" time="2.551"/>
  <system-out/>
  <testcase classname="TestCases.TestCase1" name="ExtractCouseName" time="0.171"/>
  <system-out/>
  <testcase classname="TestCases.TestCase1" name="checkRatings" time="4.142"/>
  <system-out/>
  <testcase classname="TestCases.TestCase1" name="checkCountHours" time="19.807"/>
  <system-out/>
</testsuite> <!-- TestCases.TestCase1 -->
