<?xml version="1.0" encoding="UTF-8"?>
<!-- Generated by org.testng.reporters.JUnitReportReporter -->
<testsuite hostname="LTIN271746" failures="0" tests="2" name="TestCases.TestCase2" time="2.784" errors="0" timestamp="2024-04-01T10:44:28 IST" skipped="0">
  <testcase classname="TestCases.TestCase2" name="countLang" time="2.638"/>
  <system-out/>
  <testcase classname="TestCases.TestCase2" name="countLevel" time="0.146"/>
  <system-out/>
</testsuite> <!-- TestCases.TestCase2 -->
