<?xml version="1.0" encoding="UTF-8"?>
<!-- Generated by org.testng.reporters.JUnitReportReporter -->
<testsuite hostname="LTIN271746" failures="0" tests="6" name="TestCases.TC_03" time="38.935" errors="0" timestamp="2024-04-04T17:36:27 IST" skipped="0">
  <testcase classname="TestCases.TC_03" name="clickForCampus" time="12.062"/>
  <system-out/>
  <testcase classname="TestCases.TC_03" name="clickForCampus" time="11.532"/>
  <system-out/>
  <testcase classname="TestCases.TC_03" name="enterFormValues" time="8.784"/>
  <system-out/>
  <testcase classname="TestCases.TC_03" name="enterFormValues" time="5.098"/>
  <system-out/>
  <testcase classname="TestCases.TC_03" name="captureErrorMessage" time="0.295"/>
  <system-out/>
  <testcase classname="TestCases.TC_03" name="captureErrorMessage" time="1.164"/>
  <system-out/>
</testsuite> <!-- TestCases.TC_03 -->
