<?xml version="1.0" encoding="UTF-8"?>
<!-- Generated by org.testng.reporters.JUnitReportReporter -->
<testsuite hostname="LTIN271746" failures="0" tests="4" name="TestCases.TC_02" time="3.989" errors="0" timestamp="2024-04-04T17:36:27 IST" skipped="0">
  <testcase classname="TestCases.TC_02" name="checkTotalLanguages" time="1.675"/>
  <system-out/>
  <testcase classname="TestCases.TC_02" name="checkTotalLanguages" time="1.952"/>
  <system-out/>
  <testcase classname="TestCases.TC_02" name="checkForLevels" time="0.193"/>
  <system-out/>
  <testcase classname="TestCases.TC_02" name="checkForLevels" time="0.169"/>
  <system-out/>
</testsuite> <!-- TestCases.TC_02 -->
