<?xml version="1.0" encoding="UTF-8"?>
<!-- Generated by org.testng.reporters.JUnitReportReporter -->
<testsuite hostname="LTIN271746" failures="0" tests="3" name="TestCases.TestCase3" time="23.697" errors="0" timestamp="2024-04-01T10:44:28 IST" skipped="0">
  <testcase classname="TestCases.TestCase3" name="clickForCampus" time="16.710"/>
  <system-out/>
  <testcase classname="TestCases.TestCase3" name="enterFormValues" time="6.460"/>
  <system-out/>
  <testcase classname="TestCases.TestCase3" name="captureErrorMessage" time="0.527"/>
  <system-out/>
</testsuite> <!-- TestCases.TestCase3 -->
