<?xml version="1.0" encoding="UTF-8"?>
<!-- Generated by org.testng.reporters.JUnitReportReporter -->
<testsuite hostname="LTIN271746" failures="0" tests="14" name="TestCases.TC_01" time="79.225" errors="0" timestamp="2024-04-04T17:36:27 IST" skipped="0">
  <testcase classname="TestCases.TC_01" name="checkUrl" time="0.071"/>
  <system-out/>
  <testcase classname="TestCases.TC_01" name="checkUrl" time="2.704"/>
  <system-out/>
  <testcase classname="TestCases.TC_01" name="search" time="10.258"/>
  <system-out/>
  <testcase classname="TestCases.TC_01" name="search" time="8.869"/>
  <system-out/>
  <testcase classname="TestCases.TC_01" name="clickBeginner" time="3.656"/>
  <system-out/>
  <testcase classname="TestCases.TC_01" name="clickBeginner" time="3.415"/>
  <system-out/>
  <testcase classname="TestCases.TC_01" name="clickEnglish" time="2.731"/>
  <system-out/>
  <testcase classname="TestCases.TC_01" name="clickEnglish" time="2.880"/>
  <system-out/>
  <testcase classname="TestCases.TC_01" name="ExtractCouseName" time="0.230"/>
  <system-out/>
  <testcase classname="TestCases.TC_01" name="ExtractCouseName" time="0.269"/>
  <system-out/>
  <testcase classname="TestCases.TC_01" name="checkRatings" time="4.322"/>
  <system-out/>
  <testcase classname="TestCases.TC_01" name="checkRatings" time="4.217"/>
  <system-out/>
  <testcase classname="TestCases.TC_01" name="checkCountHours" time="18.851"/>
  <system-out/>
  <testcase classname="TestCases.TC_01" name="checkCountHours" time="16.752"/>
  <system-out/>
</testsuite> <!-- TestCases.TC_01 -->
