<?xml version="1.0" encoding="UTF-8"?>
<!-- Generated by org.testng.reporters.JUnitReportReporter -->
<testsuite hostname="LTIN271746" failures="0" tests="5" name="TestCases.TestCase1" time="96.094" errors="0" timestamp="2024-04-01T10:44:28 IST" skipped="0">
  <testcase classname="TestCases.TestCase1" name="searchCourses" time="8.782"/>
  <system-out/>
  <testcase classname="TestCases.TestCase1" name="filters" time="7.928"/>
  <system-out/>
  <testcase classname="TestCases.TestCase1" name="printCoursesName" time="0.342"/>
  <system-out/>
  <testcase classname="TestCases.TestCase1" name="ratings" time="0.091"/>
  <system-out/>
  <testcase classname="TestCases.TestCase1" name="countHours" time="78.951"/>
  <system-out/>
</testsuite> <!-- TestCases.TestCase1 -->
